1684739520.080360 client started (14313): version 3.2a, socket /tmp/tmux-1000/default, protocol 8
1684739520.080407 on Linux 5.19.0-41-generic #42~22.04.1-Ubuntu SMP PREEMPT_DYNAMIC Tue Apr 18 17:40:00 UTC 2
1684739520.080416 using libevent 2.1.12-stable (poll); ncurses 6.3
1684739520.080446 flags are 0x18010000
1684739520.080453 socket is /tmp/tmux-1000/default
1684739520.080473 trying connect
1684739520.080496 connect failed: Connection refused
1684739520.080512 lock file is /tmp/tmux-1000/default.lock
1684739520.080558 flock succeeded
1684739520.080566 got lock (6)
1684739520.080579 trying connect
1684739520.080595 connect failed: Connection refused
1684739520.080888 add peer 0x55f9c9c60e70: 7 ((nil))
1684739520.081432 sending message 100 to peer 0x55f9c9c60e70 (4 bytes)
1684739520.081448 sending message 111 to peer 0x55f9c9c60e70 (8 bytes)
1684739520.081456 sending message 101 to peer 0x55f9c9c60e70 (15 bytes)
1684739520.081464 sending message 109 to peer 0x55f9c9c60e70 (4 bytes)
1684739520.081472 sending message 102 to peer 0x55f9c9c60e70 (11 bytes)
1684739520.081479 sending message 108 to peer 0x55f9c9c60e70 (24 bytes)
1684739520.081490 sending message 112 to peer 0x55f9c9c60e70 (58 bytes)
1684739520.081498 sending message 112 to peer 0x55f9c9c60e70 (5 bytes)
1684739520.081506 sending message 112 to peer 0x55f9c9c60e70 (5 bytes)
1684739520.081514 sending message 112 to peer 0x55f9c9c60e70 (6 bytes)
1684739520.081522 sending message 112 to peer 0x55f9c9c60e70 (6 bytes)
1684739520.081530 sending message 112 to peer 0x55f9c9c60e70 (11 bytes)
1684739520.081538 sending message 112 to peer 0x55f9c9c60e70 (10 bytes)
1684739520.081546 sending message 112 to peer 0x55f9c9c60e70 (13 bytes)
1684739520.081553 sending message 112 to peer 0x55f9c9c60e70 (14 bytes)
1684739520.081562 sending message 112 to peer 0x55f9c9c60e70 (19 bytes)
1684739520.081569 sending message 112 to peer 0x55f9c9c60e70 (11 bytes)
1684739520.081577 sending message 112 to peer 0x55f9c9c60e70 (10 bytes)
1684739520.081585 sending message 112 to peer 0x55f9c9c60e70 (15 bytes)
1684739520.081592 sending message 112 to peer 0x55f9c9c60e70 (21 bytes)
1684739520.081600 sending message 112 to peer 0x55f9c9c60e70 (13 bytes)
1684739520.081608 sending message 112 to peer 0x55f9c9c60e70 (7 bytes)
1684739520.081616 sending message 112 to peer 0x55f9c9c60e70 (13 bytes)
1684739520.081623 sending message 112 to peer 0x55f9c9c60e70 (7 bytes)
1684739520.081631 sending message 112 to peer 0x55f9c9c60e70 (13 bytes)
1684739520.081639 sending message 112 to peer 0x55f9c9c60e70 (9 bytes)
1684739520.081646 sending message 112 to peer 0x55f9c9c60e70 (21 bytes)
1684739520.081654 sending message 112 to peer 0x55f9c9c60e70 (13 bytes)
1684739520.081662 sending message 112 to peer 0x55f9c9c60e70 (9 bytes)
1684739520.081670 sending message 112 to peer 0x55f9c9c60e70 (16 bytes)
1684739520.081677 sending message 112 to peer 0x55f9c9c60e70 (13 bytes)
1684739520.081685 sending message 112 to peer 0x55f9c9c60e70 (9 bytes)
1684739520.081693 sending message 112 to peer 0x55f9c9c60e70 (9 bytes)
1684739520.081701 sending message 112 to peer 0x55f9c9c60e70 (12 bytes)
1684739520.081709 sending message 112 to peer 0x55f9c9c60e70 (8 bytes)
1684739520.081716 sending message 112 to peer 0x55f9c9c60e70 (8 bytes)
1684739520.081724 sending message 112 to peer 0x55f9c9c60e70 (13 bytes)
1684739520.081732 sending message 112 to peer 0x55f9c9c60e70 (7 bytes)
1684739520.081739 sending message 112 to peer 0x55f9c9c60e70 (7 bytes)
1684739520.081747 sending message 112 to peer 0x55f9c9c60e70 (9 bytes)
1684739520.081755 sending message 112 to peer 0x55f9c9c60e70 (9 bytes)
1684739520.081762 sending message 112 to peer 0x55f9c9c60e70 (15 bytes)
1684739520.081770 sending message 112 to peer 0x55f9c9c60e70 (13 bytes)
1684739520.081778 sending message 112 to peer 0x55f9c9c60e70 (12 bytes)
1684739520.081785 sending message 112 to peer 0x55f9c9c60e70 (8 bytes)
1684739520.081793 sending message 112 to peer 0x55f9c9c60e70 (14 bytes)
1684739520.081800 sending message 112 to peer 0x55f9c9c60e70 (11 bytes)
1684739520.081808 sending message 112 to peer 0x55f9c9c60e70 (9 bytes)
1684739520.081829 sending message 112 to peer 0x55f9c9c60e70 (10 bytes)
1684739520.081837 sending message 112 to peer 0x55f9c9c60e70 (10 bytes)
1684739520.081845 sending message 112 to peer 0x55f9c9c60e70 (10 bytes)
1684739520.081853 sending message 112 to peer 0x55f9c9c60e70 (10 bytes)
1684739520.081861 sending message 112 to peer 0x55f9c9c60e70 (11 bytes)
1684739520.081868 sending message 112 to peer 0x55f9c9c60e70 (12 bytes)
1684739520.081876 sending message 112 to peer 0x55f9c9c60e70 (12 bytes)
1684739520.081883 sending message 112 to peer 0x55f9c9c60e70 (12 bytes)
1684739520.081891 sending message 112 to peer 0x55f9c9c60e70 (12 bytes)
1684739520.081898 sending message 112 to peer 0x55f9c9c60e70 (12 bytes)
1684739520.081906 sending message 112 to peer 0x55f9c9c60e70 (11 bytes)
1684739520.081913 sending message 112 to peer 0x55f9c9c60e70 (11 bytes)
1684739520.081921 sending message 112 to peer 0x55f9c9c60e70 (12 bytes)
1684739520.081928 sending message 112 to peer 0x55f9c9c60e70 (12 bytes)
1684739520.081936 sending message 112 to peer 0x55f9c9c60e70 (12 bytes)
1684739520.081943 sending message 112 to peer 0x55f9c9c60e70 (12 bytes)
1684739520.081951 sending message 112 to peer 0x55f9c9c60e70 (12 bytes)
1684739520.081958 sending message 112 to peer 0x55f9c9c60e70 (9 bytes)
1684739520.081966 sending message 112 to peer 0x55f9c9c60e70 (12 bytes)
1684739520.081974 sending message 112 to peer 0x55f9c9c60e70 (13 bytes)
1684739520.081981 sending message 112 to peer 0x55f9c9c60e70 (13 bytes)
1684739520.081989 sending message 112 to peer 0x55f9c9c60e70 (13 bytes)
1684739520.081997 sending message 112 to peer 0x55f9c9c60e70 (13 bytes)
1684739520.082005 sending message 112 to peer 0x55f9c9c60e70 (13 bytes)
1684739520.082012 sending message 112 to peer 0x55f9c9c60e70 (8 bytes)
1684739520.082020 sending message 112 to peer 0x55f9c9c60e70 (11 bytes)
1684739520.082028 sending message 112 to peer 0x55f9c9c60e70 (11 bytes)
1684739520.082035 sending message 112 to peer 0x55f9c9c60e70 (11 bytes)
1684739520.082043 sending message 112 to peer 0x55f9c9c60e70 (12 bytes)
1684739520.082050 sending message 112 to peer 0x55f9c9c60e70 (12 bytes)
1684739520.082058 sending message 112 to peer 0x55f9c9c60e70 (12 bytes)
1684739520.082066 sending message 112 to peer 0x55f9c9c60e70 (12 bytes)
1684739520.082073 sending message 112 to peer 0x55f9c9c60e70 (13 bytes)
1684739520.082081 sending message 112 to peer 0x55f9c9c60e70 (13 bytes)
1684739520.082089 sending message 112 to peer 0x55f9c9c60e70 (13 bytes)
1684739520.082096 sending message 112 to peer 0x55f9c9c60e70 (8 bytes)
1684739520.082104 sending message 112 to peer 0x55f9c9c60e70 (13 bytes)
1684739520.082112 sending message 112 to peer 0x55f9c9c60e70 (13 bytes)
1684739520.082119 sending message 112 to peer 0x55f9c9c60e70 (13 bytes)
1684739520.082127 sending message 112 to peer 0x55f9c9c60e70 (13 bytes)
1684739520.082135 sending message 112 to peer 0x55f9c9c60e70 (13 bytes)
1684739520.082142 sending message 112 to peer 0x55f9c9c60e70 (12 bytes)
1684739520.082150 sending message 112 to peer 0x55f9c9c60e70 (12 bytes)
1684739520.082157 sending message 112 to peer 0x55f9c9c60e70 (12 bytes)
1684739520.082165 sending message 112 to peer 0x55f9c9c60e70 (12 bytes)
1684739520.082173 sending message 112 to peer 0x55f9c9c60e70 (13 bytes)
1684739520.082181 sending message 112 to peer 0x55f9c9c60e70 (8 bytes)
1684739520.082188 sending message 112 to peer 0x55f9c9c60e70 (13 bytes)
1684739520.082196 sending message 112 to peer 0x55f9c9c60e70 (13 bytes)
1684739520.082204 sending message 112 to peer 0x55f9c9c60e70 (13 bytes)
1684739520.082211 sending message 112 to peer 0x55f9c9c60e70 (13 bytes)
1684739520.082225 sending message 112 to peer 0x55f9c9c60e70 (13 bytes)
1684739520.082239 sending message 112 to peer 0x55f9c9c60e70 (13 bytes)
1684739520.082247 sending message 112 to peer 0x55f9c9c60e70 (13 bytes)
1684739520.082255 sending message 112 to peer 0x55f9c9c60e70 (12 bytes)
1684739520.082262 sending message 112 to peer 0x55f9c9c60e70 (12 bytes)
1684739520.082270 sending message 112 to peer 0x55f9c9c60e70 (12 bytes)
1684739520.082287 sending message 112 to peer 0x55f9c9c60e70 (8 bytes)
1684739520.082295 sending message 112 to peer 0x55f9c9c60e70 (12 bytes)
1684739520.082303 sending message 112 to peer 0x55f9c9c60e70 (13 bytes)
1684739520.082311 sending message 112 to peer 0x55f9c9c60e70 (13 bytes)
1684739520.082319 sending message 112 to peer 0x55f9c9c60e70 (13 bytes)
1684739520.082326 sending message 112 to peer 0x55f9c9c60e70 (13 bytes)
1684739520.082334 sending message 112 to peer 0x55f9c9c60e70 (13 bytes)
1684739520.082342 sending message 112 to peer 0x55f9c9c60e70 (13 bytes)
1684739520.082350 sending message 112 to peer 0x55f9c9c60e70 (13 bytes)
1684739520.082357 sending message 112 to peer 0x55f9c9c60e70 (13 bytes)
1684739520.082365 sending message 112 to peer 0x55f9c9c60e70 (12 bytes)
1684739520.082372 sending message 112 to peer 0x55f9c9c60e70 (10 bytes)
1684739520.082380 sending message 112 to peer 0x55f9c9c60e70 (12 bytes)
1684739520.082388 sending message 112 to peer 0x55f9c9c60e70 (12 bytes)
1684739520.082395 sending message 112 to peer 0x55f9c9c60e70 (12 bytes)
1684739520.082403 sending message 112 to peer 0x55f9c9c60e70 (13 bytes)
1684739520.082410 sending message 112 to peer 0x55f9c9c60e70 (13 bytes)
1684739520.082418 sending message 112 to peer 0x55f9c9c60e70 (13 bytes)
1684739520.082425 sending message 112 to peer 0x55f9c9c60e70 (13 bytes)
1684739520.082433 sending message 112 to peer 0x55f9c9c60e70 (13 bytes)
1684739520.082441 sending message 112 to peer 0x55f9c9c60e70 (13 bytes)
1684739520.082449 sending message 112 to peer 0x55f9c9c60e70 (13 bytes)
1684739520.082456 sending message 112 to peer 0x55f9c9c60e70 (10 bytes)
1684739520.082464 sending message 112 to peer 0x55f9c9c60e70 (13 bytes)
1684739520.082471 sending message 112 to peer 0x55f9c9c60e70 (12 bytes)
1684739520.082479 sending message 112 to peer 0x55f9c9c60e70 (12 bytes)
1684739520.082486 sending message 112 to peer 0x55f9c9c60e70 (12 bytes)
1684739520.082494 sending message 112 to peer 0x55f9c9c60e70 (10 bytes)
1684739520.082502 sending message 112 to peer 0x55f9c9c60e70 (10 bytes)
1684739520.082509 sending message 112 to peer 0x55f9c9c60e70 (10 bytes)
1684739520.082517 sending message 112 to peer 0x55f9c9c60e70 (12 bytes)
1684739520.082525 sending message 112 to peer 0x55f9c9c60e70 (13 bytes)
1684739520.082532 sending message 112 to peer 0x55f9c9c60e70 (13 bytes)
1684739520.082540 sending message 112 to peer 0x55f9c9c60e70 (13 bytes)
1684739520.082548 sending message 112 to peer 0x55f9c9c60e70 (13 bytes)
1684739520.082555 sending message 112 to peer 0x55f9c9c60e70 (13 bytes)
1684739520.082563 sending message 112 to peer 0x55f9c9c60e70 (10 bytes)
1684739520.082570 sending message 112 to peer 0x55f9c9c60e70 (11 bytes)
1684739520.082578 sending message 112 to peer 0x55f9c9c60e70 (12 bytes)
1684739520.082585 sending message 112 to peer 0x55f9c9c60e70 (12 bytes)
1684739520.082593 sending message 112 to peer 0x55f9c9c60e70 (12 bytes)
1684739520.082600 sending message 112 to peer 0x55f9c9c60e70 (12 bytes)
1684739520.082608 sending message 112 to peer 0x55f9c9c60e70 (12 bytes)
1684739520.082616 sending message 112 to peer 0x55f9c9c60e70 (11 bytes)
1684739520.082623 sending message 112 to peer 0x55f9c9c60e70 (12 bytes)
1684739520.082631 sending message 112 to peer 0x55f9c9c60e70 (12 bytes)
1684739520.082638 sending message 112 to peer 0x55f9c9c60e70 (13 bytes)
1684739520.082646 sending message 112 to peer 0x55f9c9c60e70 (13 bytes)
1684739520.082653 sending message 112 to peer 0x55f9c9c60e70 (13 bytes)
1684739520.082661 sending message 112 to peer 0x55f9c9c60e70 (13 bytes)
1684739520.082668 sending message 112 to peer 0x55f9c9c60e70 (13 bytes)
1684739520.082676 sending message 112 to peer 0x55f9c9c60e70 (10 bytes)
1684739520.082684 sending message 112 to peer 0x55f9c9c60e70 (9 bytes)
1684739520.082691 sending message 112 to peer 0x55f9c9c60e70 (12 bytes)
1684739520.082699 sending message 112 to peer 0x55f9c9c60e70 (13 bytes)
1684739520.082706 sending message 112 to peer 0x55f9c9c60e70 (13 bytes)
1684739520.082714 sending message 112 to peer 0x55f9c9c60e70 (13 bytes)
1684739520.082728 sending message 112 to peer 0x55f9c9c60e70 (13 bytes)
1684739520.082736 sending message 112 to peer 0x55f9c9c60e70 (13 bytes)
1684739520.082744 sending message 112 to peer 0x55f9c9c60e70 (9 bytes)
1684739520.082752 sending message 112 to peer 0x55f9c9c60e70 (12 bytes)
1684739520.082760 sending message 112 to peer 0x55f9c9c60e70 (13 bytes)
1684739520.082768 sending message 112 to peer 0x55f9c9c60e70 (13 bytes)
1684739520.082775 sending message 112 to peer 0x55f9c9c60e70 (13 bytes)
1684739520.082783 sending message 112 to peer 0x55f9c9c60e70 (13 bytes)
1684739520.082791 sending message 112 to peer 0x55f9c9c60e70 (13 bytes)
1684739520.082802 sending message 112 to peer 0x55f9c9c60e70 (11 bytes)
1684739520.082810 sending message 112 to peer 0x55f9c9c60e70 (12 bytes)
1684739520.082818 sending message 112 to peer 0x55f9c9c60e70 (13 bytes)
1684739520.082825 sending message 112 to peer 0x55f9c9c60e70 (13 bytes)
1684739520.082833 sending message 112 to peer 0x55f9c9c60e70 (13 bytes)
1684739520.082840 sending message 112 to peer 0x55f9c9c60e70 (13 bytes)
1684739520.082848 sending message 112 to peer 0x55f9c9c60e70 (13 bytes)
1684739520.082855 sending message 112 to peer 0x55f9c9c60e70 (11 bytes)
1684739520.082862 sending message 112 to peer 0x55f9c9c60e70 (12 bytes)
1684739520.082870 sending message 112 to peer 0x55f9c9c60e70 (12 bytes)
1684739520.082877 sending message 112 to peer 0x55f9c9c60e70 (12 bytes)
1684739520.082885 sending message 112 to peer 0x55f9c9c60e70 (12 bytes)
1684739520.082892 sending message 112 to peer 0x55f9c9c60e70 (12 bytes)
1684739520.082899 sending message 112 to peer 0x55f9c9c60e70 (21 bytes)
1684739520.082907 sending message 112 to peer 0x55f9c9c60e70 (12 bytes)
1684739520.082914 sending message 112 to peer 0x55f9c9c60e70 (9 bytes)
1684739520.082925 sending message 112 to peer 0x55f9c9c60e70 (6 bytes)
1684739520.082933 sending message 112 to peer 0x55f9c9c60e70 (13 bytes)
1684739520.082940 sending message 112 to peer 0x55f9c9c60e70 (10 bytes)
1684739520.082948 sending message 112 to peer 0x55f9c9c60e70 (24 bytes)
1684739520.082955 sending message 112 to peer 0x55f9c9c60e70 (13 bytes)
1684739520.082963 sending message 112 to peer 0x55f9c9c60e70 (9 bytes)
1684739520.082970 sending message 112 to peer 0x55f9c9c60e70 (70 bytes)
1684739520.082978 sending message 112 to peer 0x55f9c9c60e70 (69 bytes)
1684739520.082985 sending message 112 to peer 0x55f9c9c60e70 (12 bytes)
1684739520.082992 sending message 112 to peer 0x55f9c9c60e70 (10 bytes)
1684739520.083000 sending message 112 to peer 0x55f9c9c60e70 (10 bytes)
1684739520.083007 sending message 112 to peer 0x55f9c9c60e70 (24 bytes)
1684739520.083014 sending message 112 to peer 0x55f9c9c60e70 (13 bytes)
1684739520.083021 sending message 112 to peer 0x55f9c9c60e70 (10 bytes)
1684739520.083028 sending message 112 to peer 0x55f9c9c60e70 (10 bytes)
1684739520.083035 sending message 112 to peer 0x55f9c9c60e70 (10 bytes)
1684739520.083046 sending message 112 to peer 0x55f9c9c60e70 (13 bytes)
1684739520.083054 sending message 112 to peer 0x55f9c9c60e70 (15 bytes)
1684739520.083061 sending message 112 to peer 0x55f9c9c60e70 (5 bytes)
1684739520.083070 sending message 104 to peer 0x55f9c9c60e70 (0 bytes)
1684739520.083079 sending message 110 to peer 0x55f9c9c60e70 (0 bytes)
1684739520.083088 sending message 107 to peer 0x55f9c9c60e70 (4 bytes)
1684739520.083095 sending message 105 to peer 0x55f9c9c60e70 (16 bytes)
1684739520.083103 sending message 105 to peer 0x55f9c9c60e70 (108 bytes)
1684739520.083111 sending message 105 to peer 0x55f9c9c60e70 (19 bytes)
1684739520.083118 sending message 105 to peer 0x55f9c9c60e70 (20 bytes)
1684739520.083125 sending message 105 to peer 0x55f9c9c60e70 (45 bytes)
1684739520.083133 sending message 105 to peer 0x55f9c9c60e70 (33 bytes)
1684739520.083140 sending message 105 to peer 0x55f9c9c60e70 (23 bytes)
1684739520.083147 sending message 105 to peer 0x55f9c9c60e70 (44 bytes)
1684739520.083154 sending message 105 to peer 0x55f9c9c60e70 (17 bytes)
1684739520.083168 sending message 105 to peer 0x55f9c9c60e70 (32 bytes)
1684739520.083183 sending message 105 to peer 0x55f9c9c60e70 (14 bytes)
1684739520.083194 sending message 105 to peer 0x55f9c9c60e70 (41 bytes)
1684739520.083207 sending message 105 to peer 0x55f9c9c60e70 (20 bytes)
1684739520.083215 sending message 105 to peer 0x55f9c9c60e70 (23 bytes)
1684739520.083222 sending message 105 to peer 0x55f9c9c60e70 (18 bytes)
1684739520.083230 sending message 105 to peer 0x55f9c9c60e70 (28 bytes)
1684739520.083237 sending message 105 to peer 0x55f9c9c60e70 (28 bytes)
1684739520.083245 sending message 105 to peer 0x55f9c9c60e70 (16 bytes)
1684739520.083252 sending message 105 to peer 0x55f9c9c60e70 (27 bytes)
1684739520.083259 sending message 105 to peer 0x55f9c9c60e70 (25 bytes)
1684739520.083267 sending message 105 to peer 0x55f9c9c60e70 (22 bytes)
1684739520.083274 sending message 105 to peer 0x55f9c9c60e70 (54 bytes)
1684739520.083282 sending message 105 to peer 0x55f9c9c60e70 (19 bytes)
1684739520.083289 sending message 105 to peer 0x55f9c9c60e70 (17 bytes)
1684739520.083296 sending message 105 to peer 0x55f9c9c60e70 (18 bytes)
1684739520.083307 sending message 105 to peer 0x55f9c9c60e70 (15 bytes)
1684739520.083315 sending message 105 to peer 0x55f9c9c60e70 (17 bytes)
1684739520.083323 sending message 105 to peer 0x55f9c9c60e70 (1519 bytes)
1684739520.083354 sending message 105 to peer 0x55f9c9c60e70 (33 bytes)
1684739520.083363 sending message 105 to peer 0x55f9c9c60e70 (17 bytes)
1684739520.083371 sending message 105 to peer 0x55f9c9c60e70 (26 bytes)
1684739520.083378 sending message 105 to peer 0x55f9c9c60e70 (86 bytes)
1684739520.083386 sending message 105 to peer 0x55f9c9c60e70 (23 bytes)
1684739520.083393 sending message 105 to peer 0x55f9c9c60e70 (34 bytes)
1684739520.083401 sending message 105 to peer 0x55f9c9c60e70 (23 bytes)
1684739520.083408 sending message 105 to peer 0x55f9c9c60e70 (20 bytes)
1684739520.083416 sending message 105 to peer 0x55f9c9c60e70 (24 bytes)
1684739520.083424 sending message 105 to peer 0x55f9c9c60e70 (32 bytes)
1684739520.083431 sending message 105 to peer 0x55f9c9c60e70 (13 bytes)
1684739520.083439 sending message 105 to peer 0x55f9c9c60e70 (30 bytes)
1684739520.083447 sending message 105 to peer 0x55f9c9c60e70 (11 bytes)
1684739520.083454 sending message 105 to peer 0x55f9c9c60e70 (8 bytes)
1684739520.083462 sending message 105 to peer 0x55f9c9c60e70 (19 bytes)
1684739520.083469 sending message 105 to peer 0x55f9c9c60e70 (18 bytes)
1684739520.083477 sending message 105 to peer 0x55f9c9c60e70 (21 bytes)
1684739520.083485 sending message 105 to peer 0x55f9c9c60e70 (31 bytes)
1684739520.083492 sending message 105 to peer 0x55f9c9c60e70 (14 bytes)
1684739520.083500 sending message 105 to peer 0x55f9c9c60e70 (165 bytes)
1684739520.083508 sending message 105 to peer 0x55f9c9c60e70 (139 bytes)
1684739520.083515 sending message 105 to peer 0x55f9c9c60e70 (18 bytes)
1684739520.083523 sending message 105 to peer 0x55f9c9c60e70 (54 bytes)
1684739520.083531 sending message 105 to peer 0x55f9c9c60e70 (17 bytes)
1684739520.083538 sending message 105 to peer 0x55f9c9c60e70 (16 bytes)
1684739520.083546 sending message 105 to peer 0x55f9c9c60e70 (21 bytes)
1684739520.083554 sending message 106 to peer 0x55f9c9c60e70 (0 bytes)
1684739520.083588 sending message 200 to peer 0x55f9c9c60e70 (4 bytes)
1684739520.083611 client loop enter
1684739520.083670 client_signal: Child exited
1684739520.173005 peer 0x55f9c9c60e70 message 207
1684739520.173021 sending message 208 to peer 0x55f9c9c60e70 (0 bytes)
1684739772.890506 peer 0x55f9c9c60e70 message 203
1684739772.890528 sending message 205 to peer 0x55f9c9c60e70 (0 bytes)
1684739772.891304 peer 0x55f9c9c60e70 message 204
1684739772.891320 client loop exit
